\BOOKMARK [0][-]{chapter.1}{\376\377\000I\000n\000t\000r\000o\000d\000u\000c\000t\000i\000o\000n}{}% 1
\BOOKMARK [1][-]{section.1.1}{\376\377\000O\000b\000j\000e\000c\000t\000i\000f\000s\000\040\000d\000u\000\040\000p\000r\000o\000j\000e\000t}{chapter.1}% 2
\BOOKMARK [1][-]{section.1.2}{\376\377\000A\000p\000p\000r\000o\000c\000h\000e\000\040\000e\000t\000\040\000m\000\351\000t\000h\000o\000d\000o\000l\000o\000g\000i\000e}{chapter.1}% 3
\BOOKMARK [1][-]{section.1.3}{\376\377\000V\000i\000s\000i\000o\000n\000\040\000\340\000\040\000l\000o\000n\000g\000\040\000t\000e\000r\000m\000e}{chapter.1}% 4
\BOOKMARK [0][-]{chapter.2}{\376\377\000D\000o\000c\000u\000m\000e\000n\000t\000a\000t\000i\000o\000n\000\040\000F\000o\000n\000c\000t\000i\000o\000n\000n\000e\000l\000l\000e}{}% 5
\BOOKMARK [1][-]{section.2.1}{\376\377\000R\000o\000a\000d\000m\000a\000p\000\040\000f\000o\000n\000c\000t\000i\000o\000n\000n\000e\000l\000l\000e}{chapter.2}% 6
\BOOKMARK [2][-]{subsection.2.1.1}{\376\377\000M\000V\000P\000\040\0001\000\040\000:\000\040\000G\000e\000s\000t\000i\000o\000n\000\040\000p\000e\000r\000s\000o\000n\000n\000e\000l\000l\000e}{section.2.1}% 7
\BOOKMARK [2][-]{subsection.2.1.2}{\376\377\000M\000V\000P\000\040\0002\000\040\000:\000\040\000C\000o\000l\000l\000a\000b\000o\000r\000a\000t\000i\000o\000n}{section.2.1}% 8
\BOOKMARK [2][-]{subsection.2.1.3}{\376\377\000M\000V\000P\000\040\0003\000\040\000:\000\040\000O\000r\000g\000a\000n\000i\000s\000a\000t\000i\000o\000n\000\040\000a\000v\000a\000n\000c\000\351\000e}{section.2.1}% 9
\BOOKMARK [0][-]{chapter.3}{\376\377\000C\000a\000h\000i\000e\000r\000\040\000d\000e\000s\000\040\000c\000h\000a\000r\000g\000e\000s\000\040\000-\000\040\000M\000V\000P\000\040\0001}{}% 10
\BOOKMARK [1][-]{section.3.1}{\376\377\000I\000n\000t\000r\000o\000d\000u\000c\000t\000i\000o\000n}{chapter.3}% 11
\BOOKMARK [1][-]{section.3.2}{\376\377\000O\000b\000j\000e\000c\000t\000i\000f\000s\000\040\000d\000u\000\040\000M\000V\000P\000\040\0001}{chapter.3}% 12
\BOOKMARK [1][-]{section.3.3}{\376\377\000P\000\351\000r\000i\000m\000\350\000t\000r\000e\000\040\000f\000o\000n\000c\000t\000i\000o\000n\000n\000e\000l}{chapter.3}% 13
\BOOKMARK [2][-]{subsection.3.3.1}{\376\377\000P\000\351\000r\000i\000m\000\350\000t\000r\000e\000,\000\040\000a\000c\000t\000e\000u\000r\000s\000\040\000e\000t\000\040\000s\000c\000\351\000n\000a\000r\000i\000o\000s}{section.3.3}% 14
\BOOKMARK [2][-]{subsection.3.3.2}{\376\377\000C\000a\000s\000\040\000d\040\031\000u\000t\000i\000l\000i\000s\000a\000t\000i\000o\000n\000\040\000p\000r\000i\000n\000c\000i\000p\000a\000u\000x}{section.3.3}% 15
\BOOKMARK [2][-]{subsection.3.3.3}{\376\377\000D\000i\000a\000g\000r\000a\000m\000m\000e\000\040\000d\040\031\000u\000t\000i\000l\000i\000s\000a\000t\000i\000o\000n\000\040\000\050\000o\000p\000t\000i\000o\000n\000n\000e\000l\000\051}{section.3.3}% 16
\BOOKMARK [2][-]{subsection.3.3.4}{\376\377\000P\000a\000r\000a\000m\000\350\000t\000r\000e\000s\000\040\000e\000t\000\040\000d\000o\000n\000n\000\351\000e\000s}{section.3.3}% 17
\BOOKMARK [1][-]{section.3.4}{\376\377\000E\000x\000i\000g\000e\000n\000c\000e\000s\000\040\000t\000e\000c\000h\000n\000i\000q\000u\000e\000s}{chapter.3}% 18
\BOOKMARK [2][-]{subsection.3.4.1}{\376\377\000B\000a\000c\000k\000e\000n\000d}{section.3.4}% 19
\BOOKMARK [2][-]{subsection.3.4.2}{\376\377\000F\000r\000o\000n\000t\000e\000n\000d}{section.3.4}% 20
\BOOKMARK [1][-]{section.3.5}{\376\377\000E\000x\000i\000g\000e\000n\000c\000e\000s\000\040\000n\000o\000n\000-\000f\000o\000n\000c\000t\000i\000o\000n\000n\000e\000l\000l\000e\000s}{chapter.3}% 21
\BOOKMARK [1][-]{section.3.6}{\376\377\000A\000r\000c\000h\000i\000t\000e\000c\000t\000u\000r\000e\000\040\000M\000V\000P\000\040\0001}{chapter.3}% 22
\BOOKMARK [2][-]{subsection.3.6.1}{\376\377\000B\000a\000c\000k\000e\000n\000d}{section.3.6}% 23
\BOOKMARK [2][-]{subsection.3.6.2}{\376\377\000F\000r\000o\000n\000t\000e\000n\000d}{section.3.6}% 24
\BOOKMARK [2][-]{subsection.3.6.3}{\376\377\000S\000c\000h\000\351\000m\000a\000\040\000d\040\031\000a\000r\000c\000h\000i\000t\000e\000c\000t\000u\000r\000e}{section.3.6}% 25
\BOOKMARK [1][-]{section.3.7}{\376\377\000P\000l\000a\000n\000i\000f\000i\000c\000a\000t\000i\000o\000n\000\040\000/\000\040\000R\000o\000a\000d\000m\000a\000p}{chapter.3}% 26
\BOOKMARK [2][-]{subsection.3.7.1}{\376\377\000P\000l\000a\000n\000\040\000d\000e\000\040\000t\000e\000s\000t\000s}{section.3.7}% 27
\BOOKMARK [2][-]{subsection.3.7.2}{\376\377\000J\000a\000l\000o\000n\000s\000\040\000M\000V\000P\0001}{section.3.7}% 28
\BOOKMARK [1][-]{section.3.8}{\376\377\000C\000o\000n\000c\000l\000u\000s\000i\000o\000n}{chapter.3}% 29
\BOOKMARK [0][-]{chapter.4}{\376\377\000A\000r\000c\000h\000i\000t\000e\000c\000t\000u\000r\000e}{}% 30
\BOOKMARK [1][-]{section.4.1}{\376\377\000P\000h\000i\000l\000o\000s\000o\000p\000h\000i\000e\000\040\000g\000\351\000n\000\351\000r\000a\000l\000e}{chapter.4}% 31
\BOOKMARK [1][-]{section.4.2}{\376\377\000S\000t\000r\000u\000c\000t\000u\000r\000e\000\040\000B\000a\000c\000k\000e\000n\000d}{chapter.4}% 32
\BOOKMARK [1][-]{section.4.3}{\376\377\000S\000t\000r\000u\000c\000t\000u\000r\000e\000\040\000F\000r\000o\000n\000t\000e\000n\000d}{chapter.4}% 33
\BOOKMARK [1][-]{section.4.4}{\376\377\000C\000o\000m\000m\000u\000n\000i\000c\000a\000t\000i\000o\000n\000\040\000F\000r\000o\000n\000t\000e\000n\000d\000/\000B\000a\000c\000k\000e\000n\000d}{chapter.4}% 34
\BOOKMARK [1][-]{section.4.5}{\376\377\000A\000r\000c\000h\000i\000t\000e\000c\000t\000u\000r\000e\000\040\000m\000i\000c\000r\000o\000s\000e\000r\000v\000i\000c\000e\000s\000\040\000d\000\350\000s\000\040\000l\000e\000\040\000M\000V\000P}{chapter.4}% 35
\BOOKMARK [1][-]{section.4.6}{\376\377\000C\000o\000m\000m\000u\000n\000i\000c\000a\000t\000i\000o\000n\000\040\000e\000n\000t\000r\000e\000\040\000m\000i\000c\000r\000o\000s\000e\000r\000v\000i\000c\000e\000s}{chapter.4}% 36
\BOOKMARK [2][-]{subsection.4.6.1}{\376\377\000C\000o\000m\000m\000u\000n\000i\000c\000a\000t\000i\000o\000n\000\040\000s\000y\000n\000c\000h\000r\000o\000n\000e}{section.4.6}% 37
\BOOKMARK [2][-]{subsection.4.6.2}{\376\377\000C\000o\000m\000m\000u\000n\000i\000c\000a\000t\000i\000o\000n\000\040\000a\000s\000y\000n\000c\000h\000r\000o\000n\000e\000\040\000\050\000p\000r\000\351\000v\000u\000e\000\040\000p\000o\000u\000r\000\040\000l\000e\000s\000\040\000\351\000v\000o\000l\000u\000t\000i\000o\000n\000s\000\040\000f\000u\000t\000u\000r\000e\000s\000\051}{section.4.6}% 38
\BOOKMARK [2][-]{subsection.4.6.3}{\376\377\000G\000e\000s\000t\000i\000o\000n\000\040\000d\000e\000s\000\040\000c\000o\000n\000t\000r\000a\000t\000s\000\040\000e\000t\000\040\000d\000o\000c\000u\000m\000e\000n\000t\000a\000t\000i\000o\000n}{section.4.6}% 39
\BOOKMARK [1][-]{section.4.7}{\376\377\000M\000o\000n\000i\000t\000o\000r\000i\000n\000g\000\040\000e\000t\000\040\000o\000b\000s\000e\000r\000v\000a\000b\000i\000l\000i\000t\000\351}{chapter.4}% 40
\BOOKMARK [2][-]{subsection.4.7.1}{\376\377\000C\000o\000l\000l\000e\000c\000t\000e\000\040\000d\000e\000s\000\040\000l\000o\000g\000s}{section.4.7}% 41
\BOOKMARK [2][-]{subsection.4.7.2}{\376\377\000S\000u\000i\000v\000i\000\040\000d\000e\000\040\000l\000a\000\040\000p\000e\000r\000f\000o\000r\000m\000a\000n\000c\000e\000\040\000e\000t\000\040\000a\000l\000e\000r\000t\000e\000s}{section.4.7}% 42
\BOOKMARK [2][-]{subsection.4.7.3}{\376\377\000T\000r\000a\000\347\000a\000b\000i\000l\000i\000t\000\351\000\040\000d\000e\000s\000\040\000r\000e\000q\000u\000\352\000t\000e\000s}{section.4.7}% 43
\BOOKMARK [2][-]{subsection.4.7.4}{\376\377\000\311\000v\000o\000l\000u\000t\000i\000o\000n\000s\000\040\000f\000u\000t\000u\000r\000e\000s}{section.4.7}% 44
